<?xml version="1.0" encoding="UTF-8"?>
<!-- Generated by org.testng.reporters.JUnitXMLReporter -->
<testsuite hostname="EC2AMAZ-J5GP1U8" ignored="0" name="Test" tests="1" failures="0" timestamp="2021-11-07T21:04:28 UTC" time="2.603" errors="0">
  <testcase name="@BeforeMethod setup" time="2.467" classname="com.guru99.tests.LoginPageTests">
    <failure type="org.openqa.selenium.SessionNotCreatedException" message="session not created: This version of ChromeDriver only supports Chrome version 87
Current browser version is 95.0.4638.69 with binary path C:\Program Files (x86)\Google\Chrome\Application\chrome.exe
Build info: version: &amp;apos;3.141.59&amp;apos;, revision: &amp;apos;e82be7d358&amp;apos;, time: &amp;apos;2018-11-14T08:17:03&amp;apos;
System info: host: &amp;apos;EC2AMAZ-J5GP1U8&amp;apos;, ip: &amp;apos;172.31.193.156&amp;apos;, os.name: &amp;apos;Windows Server 2019&amp;apos;, os.arch: &amp;apos;amd64&amp;apos;, os.version: &amp;apos;10.0&amp;apos;, java.version: &amp;apos;1.8.0_281&amp;apos;
Driver info: driver.version: CommonDriver
remote stacktrace: Backtrace:
	Ordinal0 [0x011FC0C3+3326147]
	Ordinal0 [0x010E0851+2164817]
	Ordinal0 [0x00F67298+619160]
	Ordinal0 [0x00EE1D92+73106]
	Ordinal0 [0x00EDE119+57625]
	Ordinal0 [0x00EDC38A+50058]
	Ordinal0 [0x00F05F3E+220990]
	Ordinal0 [0x00F05CAC+220332]
	Ordinal0 [0x00F0189B+202907]
	Ordinal0 [0x00EE3DF4+81396]
	Ordinal0 [0x00EE4DEE+85486]
	Ordinal0 [0x00EE4D79+85369]
	Ordinal0 [0x010F85DC+2262492]
	GetHandleVerifier [0x01382874+1487204]
	GetHandleVerifier [0x013823CD+1486013]
	GetHandleVerifier [0x0138A368+1518680]
	GetHandleVerifier [0x01382F4E+1488958]
	Ordinal0 [0x010EED0D+2223373]
	Ordinal0 [0x010FA12B+2269483]
	Ordinal0 [0x010FA26F+2269807]
	Ordinal0 [0x0110ECB8+2354360]
	BaseThreadInitThunk [0x75350419+25]
	RtlGetAppContainerNamedObjectPath [0x7779662D+237]
	RtlGetAppContainerNamedObjectPath [0x777965FD+189]
">
      <![CDATA[org.openqa.selenium.SessionNotCreatedException: session not created: This version of ChromeDriver only supports Chrome version 87
Current browser version is 95.0.4638.69 with binary path C:\Program Files (x86)\Google\Chrome\Application\chrome.exe
Build info: version: '3.141.59', revision: 'e82be7d358', time: '2018-11-14T08:17:03'
System info: host: 'EC2AMAZ-J5GP1U8', ip: '172.31.193.156', os.name: 'Windows Server 2019', os.arch: 'amd64', os.version: '10.0', java.version: '1.8.0_281'
Driver info: driver.version: CommonDriver
remote stacktrace: Backtrace:
Ordinal0 [0x011FC0C3+3326147]
Ordinal0 [0x010E0851+2164817]
Ordinal0 [0x00F67298+619160]
Ordinal0 [0x00EE1D92+73106]
Ordinal0 [0x00EDE119+57625]
Ordinal0 [0x00EDC38A+50058]
Ordinal0 [0x00F05F3E+220990]
Ordinal0 [0x00F05CAC+220332]
Ordinal0 [0x00F0189B+202907]
Ordinal0 [0x00EE3DF4+81396]
Ordinal0 [0x00EE4DEE+85486]
Ordinal0 [0x00EE4D79+85369]
Ordinal0 [0x010F85DC+2262492]
GetHandleVerifier [0x01382874+1487204]
GetHandleVerifier [0x013823CD+1486013]
GetHandleVerifier [0x0138A368+1518680]
GetHandleVerifier [0x01382F4E+1488958]
Ordinal0 [0x010EED0D+2223373]
Ordinal0 [0x010FA12B+2269483]
Ordinal0 [0x010FA26F+2269807]
Ordinal0 [0x0110ECB8+2354360]
BaseThreadInitThunk [0x75350419+25]
RtlGetAppContainerNamedObjectPath [0x7779662D+237]
RtlGetAppContainerNamedObjectPath [0x777965FD+189]

at org.openqa.selenium.remote.W3CHandshakeResponse.lambda$errorHandler$0(W3CHandshakeResponse.java:62)
at org.openqa.selenium.remote.HandshakeResponse.lambda$getResponseFunction$0(HandshakeResponse.java:30)
at org.openqa.selenium.remote.ProtocolHandshake.lambda$createSession$0(ProtocolHandshake.java:126)
at java.util.stream.ReferencePipeline$3$1.accept(ReferencePipeline.java:193)
at java.util.Spliterators$ArraySpliterator.tryAdvance(Spliterators.java:958)
at java.util.stream.ReferencePipeline.forEachWithCancel(ReferencePipeline.java:126)
at java.util.stream.AbstractPipeline.copyIntoWithCancel(AbstractPipeline.java:499)
at java.util.stream.AbstractPipeline.copyInto(AbstractPipeline.java:486)
at java.util.stream.AbstractPipeline.wrapAndCopyInto(AbstractPipeline.java:472)
at java.util.stream.FindOps$FindOp.evaluateSequential(FindOps.java:152)
at java.util.stream.AbstractPipeline.evaluate(AbstractPipeline.java:234)
at java.util.stream.ReferencePipeline.findFirst(ReferencePipeline.java:464)
at org.openqa.selenium.remote.ProtocolHandshake.createSession(ProtocolHandshake.java:128)
at org.openqa.selenium.remote.ProtocolHandshake.createSession(ProtocolHandshake.java:74)
at org.openqa.selenium.remote.HttpCommandExecutor.execute(HttpCommandExecutor.java:136)
at org.openqa.selenium.remote.service.DriverCommandExecutor.execute(DriverCommandExecutor.java:83)
at org.openqa.selenium.remote.RemoteWebDriver.execute(RemoteWebDriver.java:552)
at org.openqa.selenium.remote.RemoteWebDriver.startSession(RemoteWebDriver.java:213)
at org.openqa.selenium.remote.RemoteWebDriver.<init>(RemoteWebDriver.java:131)
at org.openqa.selenium.chrome.ChromeDriver.<init>(ChromeDriver.java:181)
at org.openqa.selenium.chrome.ChromeDriver.<init>(ChromeDriver.java:168)
at org.openqa.selenium.chrome.ChromeDriver.<init>(ChromeDriver.java:123)
at commonLibs.implementation.CommonDriver.<init>(CommonDriver.java:28)
at com.guru99.tests.LoginPageTests.setup(LoginPageTests.java:26)
at java.util.ArrayList.forEach(ArrayList.java:1259)
... Removed 35 stack frames]]>
    </failure>
  </testcase> <!-- @BeforeMethod setup -->
  <testcase name="@AfterMethod cleanUp" time="-1.636319068081E9" classname="com.guru99.tests.LoginPageTests">
    <skipped/>
  </testcase> <!-- @AfterMethod cleanUp -->
  <testcase name="verifyLogin" time="0.0" classname="com.guru99.tests.LoginPageTests">
    <skipped/>
  </testcase> <!-- verifyLogin -->
</testsuite> <!-- Test -->
